{"C:\\Local\\Class\\Backend\\New folder\\swaggerdemo\\data.js": {"path":"C:\\Local\\Class\\Backend\\New folder\\swaggerdemo\\data.js","statementMap":{"0":{"start":{"line":1,"column":11},"end":{"line":14,"column":1}},"1":{"start":{"line":15,"column":0},"end":{"line":15,"column":22}}},"fnMap":{},"branchMap":{},"s":{"0":1,"1":1},"f":{},"b":{},"_coverageSchema":"1a1c01bbd47fc00a2c39e90264f33305004495a9","hash":"06ac0b8ad9593591f0a09cb8ff8f186a5625d669"}
,"C:\\Local\\Class\\Backend\\New folder\\swaggerdemo\\index.js": {"path":"C:\\Local\\Class\\Backend\\New folder\\swaggerdemo\\index.js","statementMap":{"0":{"start":{"line":1,"column":16},"end":{"line":1,"column":34}},"1":{"start":{"line":2,"column":13},"end":{"line":2,"column":28}},"2":{"start":{"line":3,"column":15},"end":{"line":3,"column":33}},"3":{"start":{"line":4,"column":12},"end":{"line":4,"column":21}},"4":{"start":{"line":5,"column":18},"end":{"line":5,"column":47}},"5":{"start":{"line":6,"column":21},"end":{"line":6,"column":45}},"6":{"start":{"line":7,"column":23},"end":{"line":7,"column":48}},"7":{"start":{"line":8,"column":20},"end":{"line":8,"column":48}},"8":{"start":{"line":10,"column":0},"end":{"line":10,"column":76}},"9":{"start":{"line":11,"column":0},"end":{"line":11,"column":24}},"10":{"start":{"line":12,"column":0},"end":{"line":12,"column":19}},"11":{"start":{"line":13,"column":0},"end":{"line":13,"column":28}},"12":{"start":{"line":15,"column":0},"end":{"line":17,"column":3}},"13":{"start":{"line":16,"column":2},"end":{"line":16,"column":32}},"14":{"start":{"line":18,"column":0},"end":{"line":18,"column":19}}},"fnMap":{"0":{"name":"(anonymous_0)","decl":{"start":{"line":15,"column":17},"end":{"line":15,"column":18}},"loc":{"start":{"line":15,"column":31},"end":{"line":17,"column":1}},"line":15}},"branchMap":{},"s":{"0":1,"1":1,"2":1,"3":1,"4":1,"5":1,"6":1,"7":1,"8":1,"9":1,"10":1,"11":1,"12":1,"13":1,"14":1},"f":{"0":1},"b":{},"_coverageSchema":"1a1c01bbd47fc00a2c39e90264f33305004495a9","hash":"f1cc1f87a5e027fe955ff2983f232d4af45c5a6d"}
,"C:\\Local\\Class\\Backend\\New folder\\swaggerdemo\\route.js": {"path":"C:\\Local\\Class\\Backend\\New folder\\swaggerdemo\\route.js","statementMap":{"0":{"start":{"line":1,"column":16},"end":{"line":1,"column":34}},"1":{"start":{"line":2,"column":15},"end":{"line":2,"column":31}},"2":{"start":{"line":3,"column":11},"end":{"line":3,"column":28}},"3":{"start":{"line":4,"column":0},"end":{"line":12,"column":3}},"4":{"start":{"line":5,"column":2},"end":{"line":5,"column":79}},"5":{"start":{"line":6,"column":2},"end":{"line":8,"column":4}},"6":{"start":{"line":9,"column":2},"end":{"line":9,"column":26}},"7":{"start":{"line":10,"column":2},"end":{"line":10,"column":79}},"8":{"start":{"line":11,"column":2},"end":{"line":11,"column":9}},"9":{"start":{"line":28,"column":0},"end":{"line":30,"column":3}},"10":{"start":{"line":29,"column":2},"end":{"line":29,"column":17}},"11":{"start":{"line":57,"column":0},"end":{"line":60,"column":3}},"12":{"start":{"line":58,"column":2},"end":{"line":58,"column":22}},"13":{"start":{"line":59,"column":2},"end":{"line":59,"column":38}},"14":{"start":{"line":61,"column":0},"end":{"line":66,"column":3}},"15":{"start":{"line":62,"column":19},"end":{"line":62,"column":72}},"16":{"start":{"line":62,"column":38},"end":{"line":62,"column":71}},"17":{"start":{"line":63,"column":2},"end":{"line":63,"column":26}},"18":{"start":{"line":64,"column":2},"end":{"line":64,"column":18}},"19":{"start":{"line":65,"column":2},"end":{"line":65,"column":27}},"20":{"start":{"line":67,"column":0},"end":{"line":71,"column":3}},"21":{"start":{"line":68,"column":19},"end":{"line":68,"column":72}},"22":{"start":{"line":68,"column":38},"end":{"line":68,"column":71}},"23":{"start":{"line":69,"column":2},"end":{"line":69,"column":18}},"24":{"start":{"line":70,"column":2},"end":{"line":70,"column":27}},"25":{"start":{"line":73,"column":0},"end":{"line":73,"column":24}}},"fnMap":{"0":{"name":"(anonymous_0)","decl":{"start":{"line":4,"column":11},"end":{"line":4,"column":12}},"loc":{"start":{"line":4,"column":31},"end":{"line":12,"column":1}},"line":4},"1":{"name":"(anonymous_1)","decl":{"start":{"line":28,"column":20},"end":{"line":28,"column":21}},"loc":{"start":{"line":28,"column":34},"end":{"line":30,"column":1}},"line":28},"2":{"name":"(anonymous_2)","decl":{"start":{"line":57,"column":21},"end":{"line":57,"column":22}},"loc":{"start":{"line":57,"column":35},"end":{"line":60,"column":1}},"line":57},"3":{"name":"(anonymous_3)","decl":{"start":{"line":61,"column":20},"end":{"line":61,"column":21}},"loc":{"start":{"line":61,"column":34},"end":{"line":66,"column":1}},"line":61},"4":{"name":"(anonymous_4)","decl":{"start":{"line":62,"column":31},"end":{"line":62,"column":32}},"loc":{"start":{"line":62,"column":38},"end":{"line":62,"column":71}},"line":62},"5":{"name":"(anonymous_5)","decl":{"start":{"line":67,"column":23},"end":{"line":67,"column":24}},"loc":{"start":{"line":67,"column":37},"end":{"line":71,"column":1}},"line":67},"6":{"name":"(anonymous_6)","decl":{"start":{"line":68,"column":31},"end":{"line":68,"column":32}},"loc":{"start":{"line":68,"column":38},"end":{"line":68,"column":71}},"line":68}},"branchMap":{},"s":{"0":1,"1":1,"2":1,"3":1,"4":7,"5":7,"6":7,"7":7,"8":7,"9":1,"10":4,"11":1,"12":1,"13":1,"14":1,"15":1,"16":4,"17":1,"18":1,"19":1,"20":1,"21":1,"22":4,"23":1,"24":1,"25":1},"f":{"0":7,"1":4,"2":1,"3":1,"4":4,"5":1,"6":4},"b":{},"_coverageSchema":"1a1c01bbd47fc00a2c39e90264f33305004495a9","hash":"db2eac1f6e033b5e63dbb6822b40456c17eb7917"}
}
