TN:
SF:data.js
FNF:0
FNH:0
DA:1,1
DA:15,1
LF:2
LH:2
BRF:0
BRH:0
end_of_record
TN:
SF:index.js
FN:15,(anonymous_0)
FNF:1
FNH:1
FNDA:1,(anonymous_0)
DA:1,1
DA:2,1
DA:3,1
DA:4,1
DA:5,1
DA:6,1
DA:7,1
DA:8,1
DA:10,1
DA:11,1
DA:12,1
DA:13,1
DA:15,1
DA:16,1
DA:18,1
LF:15
LH:15
BRF:0
BRH:0
end_of_record
TN:
SF:route.js
FN:4,(anonymous_0)
FN:28,(anonymous_1)
FN:57,(anonymous_2)
FN:61,(anonymous_3)
FN:62,(anonymous_4)
FN:67,(anonymous_5)
FN:68,(anonymous_6)
FNF:7
FNH:7
FNDA:7,(anonymous_0)
FNDA:4,(anonymous_1)
FNDA:1,(anonymous_2)
FNDA:1,(anonymous_3)
FNDA:4,(anonymous_4)
FNDA:1,(anonymous_5)
FNDA:4,(anonymous_6)
DA:1,1
DA:2,1
DA:3,1
DA:4,1
DA:5,7
DA:6,7
DA:9,7
DA:10,7
DA:11,7
DA:28,1
DA:29,4
DA:57,1
DA:58,1
DA:59,1
DA:61,1
DA:62,4
DA:63,1
DA:64,1
DA:65,1
DA:67,1
DA:68,4
DA:69,1
DA:70,1
DA:73,1
LF:24
LH:24
BRF:0
BRH:0
end_of_record
